c:\programming\gamedev\power engine\engine\power\power\debug\power.pdb
c:\programming\gamedev\power engine\engine\power\power\debug\power.idb
c:\programming\gamedev\power engine\engine\power\power\debug\comp_rigidbody.obj
c:\programming\gamedev\power engine\engine\power\power\debug\comp_input.obj
c:\programming\gamedev\power engine\engine\power\power\debug\comp_collider.obj
c:\programming\gamedev\power engine\engine\power\power\debug\comp_audio.obj
c:\programming\gamedev\power engine\engine\power\power\debug\comp_animator.obj
c:\programming\gamedev\power engine\engine\power\power\debug\vector2d.obj
c:\programming\gamedev\power engine\engine\power\power\debug\soundeffect.obj
c:\programming\gamedev\power engine\engine\power\power\debug\rendermanager.obj
c:\programming\gamedev\power engine\engine\power\power\debug\power.obj
c:\programming\gamedev\power engine\engine\power\power\debug\musicmanager.obj
c:\programming\gamedev\power engine\engine\power\power\debug\musiceffect.obj
c:\programming\gamedev\power engine\engine\power\power\debug\line2d.obj
c:\programming\gamedev\power engine\engine\power\power\debug\inputmanager.obj
c:\programming\gamedev\power engine\engine\power\power\debug\gameobjectmanager.obj
c:\programming\gamedev\power engine\engine\power\power\debug\game.obj
c:\programming\gamedev\power engine\engine\power\power\debug\eventmanager.obj
c:\programming\gamedev\power engine\engine\power\power\debug\event.obj
c:\programming\gamedev\power engine\engine\power\power\debug\collisionmanager.obj
c:\programming\gamedev\power engine\engine\power\power\debug\collision.obj
c:\programming\gamedev\power engine\engine\power\power\debug\animation.obj
c:\programming\gamedev\power engine\engine\power\power\debug\main.obj
c:\programming\gamedev\power engine\engine\power\power\debug\comp_transform.obj
c:\programming\gamedev\power engine\engine\power\power\debug\comp_sprite.obj
c:\programming\gamedev\power engine\engine\power\debug\power.lib
c:\programming\gamedev\power engine\engine\power\debug\power.pdb
c:\programming\gamedev\power engine\engine\power\power\debug\power.tlog\cl.command.1.tlog
c:\programming\gamedev\power engine\engine\power\power\debug\power.tlog\cl.read.1.tlog
c:\programming\gamedev\power engine\engine\power\power\debug\power.tlog\cl.write.1.tlog
c:\programming\gamedev\power engine\engine\power\power\debug\power.tlog\lib-link.read.1.tlog
c:\programming\gamedev\power engine\engine\power\power\debug\power.tlog\lib-link.write.1.tlog
c:\programming\gamedev\power engine\engine\power\power\debug\power.tlog\lib.command.1.tlog
